<?xml version="1.0" encoding="UTF-8"?>
<testng-results ignored="0" total="3" passed="3" failed="0" skipped="0">
  <reporter-output>
  </reporter-output>
  <suite started-at="2023-04-24T11:31:34 IST" name="Default suite" finished-at="2023-04-24T11:32:04 IST" duration-ms="29743">
    <groups>
    </groups>
    <test started-at="2023-04-24T11:31:34 IST" name="Default test" finished-at="2023-04-24T11:32:04 IST" duration-ms="29743">
      <class name="com.luma.com.lumacart.Testngmain">
        <test-method is-config="true" signature="beforeTest()[pri:0, instance:com.luma.com.lumacart.Testngmain@5ba3f27a]" started-at="2023-04-24T11:31:34 IST" name="beforeTest" finished-at="2023-04-24T11:31:40 IST" duration-ms="5369" status="PASS">
          <reporter-output>
          </reporter-output>
        </test-method> <!-- beforeTest -->
        <test-method signature="searchg()[pri:1, instance:com.luma.com.lumacart.Testngmain@5ba3f27a]" started-at="2023-04-24T11:31:40 IST" name="searchg" finished-at="2023-04-24T11:31:52 IST" duration-ms="11713" status="PASS">
          <reporter-output>
          </reporter-output>
        </test-method> <!-- searchg -->
        <test-method signature="hms()[pri:2, instance:com.luma.com.lumacart.Testngmain@5ba3f27a]" started-at="2023-04-24T11:31:52 IST" name="hms" finished-at="2023-04-24T11:31:55 IST" duration-ms="3634" status="PASS">
          <reporter-output>
          </reporter-output>
        </test-method> <!-- hms -->
        <test-method signature="registerpage()[pri:3, instance:com.luma.com.lumacart.Testngmain@5ba3f27a]" started-at="2023-04-24T11:31:55 IST" name="registerpage" finished-at="2023-04-24T11:32:04 IST" duration-ms="8948" status="PASS">
          <reporter-output>
          </reporter-output>
        </test-method> <!-- registerpage -->
        <test-method is-config="true" signature="afterTest()[pri:0, instance:com.luma.com.lumacart.Testngmain@5ba3f27a]" started-at="2023-04-24T11:32:04 IST" name="afterTest" finished-at="2023-04-24T11:32:04 IST" duration-ms="0" status="PASS">
          <reporter-output>
          </reporter-output>
        </test-method> <!-- afterTest -->
      </class> <!-- com.luma.com.lumacart.Testngmain -->
    </test> <!-- Default test -->
  </suite> <!-- Default suite -->
</testng-results>
