<?xml version="1.0" encoding="UTF-8"?>
<!-- Generated by org.testng.reporters.JUnitXMLReporter -->
<testsuite ignored="0" hostname="DESKTOP-4L4F65Q" failures="0" tests="3" name="Default test" time="29.743" errors="0" timestamp="2023-04-24T11:32:04 IST">
  <testcase classname="com.luma.com.lumacart.Testngmain" name="searchg" time="11.713"/>
  <testcase classname="com.luma.com.lumacart.Testngmain" name="hms" time="3.634"/>
  <testcase classname="com.luma.com.lumacart.Testngmain" name="registerpage" time="8.948"/>
</testsuite> <!-- Default test -->
